<?xml version="1.0" encoding="UTF-8"?>
<testsuite xmlns:xsi="http://www.w3.org/2001/XMLSchema-instance" xsi:noNamespaceSchemaLocation="https://maven.apache.org/surefire/maven-surefire-plugin/xsd/surefire-test-report.xsd" version="3.0.2" name="DemoTest" time="0.009" tests="0" errors="0" skipped="0" failures="0">
  <properties>
    <property name="java.specification.version" value="17"/>
    <property name="sun.cpu.isalist" value="amd64"/>
    <property name="sun.jnu.encoding" value="Cp1252"/>
    <property name="java.class.path" value="E:\Github\TestSonarqube\demo\target\test-classes;E:\Github\TestSonarqube\demo\target\classes;"/>
    <property name="java.vm.vendor" value="Oracle Corporation"/>
    <property name="sun.arch.data.model" value="64"/>
    <property name="user.variant" value=""/>
    <property name="java.vendor.url" value="https://java.oracle.com/"/>
    <property name="user.timezone" value="Asia/Bangkok"/>
    <property name="os.name" value="Windows 10"/>
    <property name="java.vm.specification.version" value="17"/>
    <property name="sun.java.launcher" value="SUN_STANDARD"/>
    <property name="user.country" value="US"/>
    <property name="sun.boot.library.path" value="E:\Software\JDK17\bin"/>
    <property name="sun.java.command" value="C:\Users\nlethanh\AppData\Local\Temp\surefire1351222069623963415\surefirebooter-20240917181742210_3.jar C:\Users\nlethanh\AppData\Local\Temp\surefire1351222069623963415 2024-09-17T18-17-40_929-jvmRun1 surefire-20240917181742210_1tmp surefire_0-20240917181742210_2tmp"/>
    <property name="jdk.debug" value="release"/>
    <property name="surefire.test.class.path" value="E:\Github\TestSonarqube\demo\target\test-classes;E:\Github\TestSonarqube\demo\target\classes;"/>
    <property name="sun.cpu.endian" value="little"/>
    <property name="user.home" value="C:\Users\nlethanh"/>
    <property name="user.language" value="en"/>
    <property name="java.specification.vendor" value="Oracle Corporation"/>
    <property name="java.version.date" value="2023-04-18"/>
    <property name="java.home" value="E:\Software\JDK17"/>
    <property name="file.separator" value="\"/>
    <property name="basedir" value="E:\Github\TestSonarqube\demo"/>
    <property name="java.vm.compressedOopsMode" value="Zero based"/>
    <property name="line.separator" value="&#10;"/>
    <property name="java.vm.specification.vendor" value="Oracle Corporation"/>
    <property name="java.specification.name" value="Java Platform API Specification"/>
    <property name="surefire.real.class.path" value="C:\Users\nlethanh\AppData\Local\Temp\surefire1351222069623963415\surefirebooter-20240917181742210_3.jar"/>
    <property name="user.script" value=""/>
    <property name="sun.management.compiler" value="HotSpot 64-Bit Tiered Compilers"/>
    <property name="java.runtime.version" value="17.0.7+8-LTS-224"/>
    <property name="user.name" value="nlethanh"/>
    <property name="path.separator" value=";"/>
    <property name="os.version" value="10.0"/>
    <property name="java.runtime.name" value="Java(TM) SE Runtime Environment"/>
    <property name="file.encoding" value="Cp1252"/>
    <property name="java.vm.name" value="Java HotSpot(TM) 64-Bit Server VM"/>
    <property name="localRepository" value="C:\Users\nlethanh\.m2\repository"/>
    <property name="java.vendor.url.bug" value="https://bugreport.java.com/bugreport/"/>
    <property name="java.io.tmpdir" value="C:\Users\nlethanh\AppData\Local\Temp\"/>
    <property name="java.version" value="17.0.7"/>
    <property name="user.dir" value="E:\Github\TestSonarqube\demo"/>
    <property name="os.arch" value="amd64"/>
    <property name="java.vm.specification.name" value="Java Virtual Machine Specification"/>
    <property name="sun.os.patch.level" value=""/>
    <property name="native.encoding" value="Cp1252"/>
    <property name="java.library.path" value="E:\Software\JDK17\bin;C:\windows\Sun\Java\bin;C:\windows\system32;C:\windows;D:\Software\VMware17\bin\;C:\Program Files\Common Files\Oracle\Java\javapath;C:\Python311\Scripts\;C:\Python311\;C:\ProgramData\Oracle\Java\javapath;C:\windows\system32;C:\windows;C:\windows\System32\Wbem;C:\windows\System32\WindowsPowerShell\v1.0\;C:\windows\System32\OpenSSH\;C:\Program Files\TortoiseSVN\bin;D:\Software\putty\;C:\Program Files\PuTTY\;D:\Software\git\Git\cmd;C:\ProgramData\chocolatey\bin;C:\Program Files\Puppet Labs\DevelopmentKit\bin;E:\Software\NodeJS\;E:\Software\MicrosoftNetworkMonitoring\;E:\Software\JDK17\bin;D:\Software\Minikube;E:\Software\Postgres\Location\bin;D:\Software\xampp\mysql\bin;C:\Users\nlethanh\Downloads\apache-maven-3.9.8-bin\apache-maven-3.9.8\bin;C:\Users\nlethanh\AppData\Local\Microsoft\WindowsApps;E:\Software\VSCode\Microsoft VS Code\bin;C:\Users\nlethanh\AppData\Roaming\npm;E:\Software\Pycharm\PyCharm 2023.2.1\bin;;E:\Software\JDK17\bin;;D:\Software\IntelliJ\IntelliJ IDEA 2024.1.4\bin;;."/>
    <property name="java.vm.info" value="mixed mode, sharing"/>
    <property name="java.vendor" value="Oracle Corporation"/>
    <property name="java.vm.version" value="17.0.7+8-LTS-224"/>
    <property name="sun.io.unicode.encoding" value="UnicodeLittle"/>
    <property name="java.class.version" value="61.0"/>
  </properties>
</testsuite>